{"/home/terence-faid/Desktop/node-ts/src/index.ts": {"path":"/home/terence-faid/Desktop/node-ts/src/index.ts","statementMap":{"0":{"start":{"line":1,"column":0},"end":{"line":1,"column":30}},"1":{"start":{"line":3,"column":0},"end":{"line":3,"column":47}},"2":{"start":{"line":4,"column":0},"end":{"line":4,"column":48}},"3":{"start":{"line":5,"column":0},"end":{"line":5,"column":46}},"4":{"start":{"line":6,"column":0},"end":{"line":6,"column":54}},"5":{"start":{"line":8,"column":12},"end":{"line":8,"column":21}},"6":{"start":{"line":9,"column":13},"end":{"line":9,"column":17}},"7":{"start":{"line":11,"column":0},"end":{"line":11,"column":24}},"8":{"start":{"line":13,"column":0},"end":{"line":15,"column":3}},"9":{"start":{"line":14,"column":2},"end":{"line":14,"column":29}},"10":{"start":{"line":17,"column":0},"end":{"line":17,"column":35}},"11":{"start":{"line":18,"column":0},"end":{"line":18,"column":33}},"12":{"start":{"line":19,"column":0},"end":{"line":19,"column":41}},"13":{"start":{"line":21,"column":0},"end":{"line":24,"column":3}},"14":{"start":{"line":22,"column":2},"end":{"line":22,"column":14}},"15":{"start":{"line":23,"column":2},"end":{"line":23,"column":67}},"16":{"start":{"line":26,"column":0},"end":{"line":26,"column":19}}},"fnMap":{"0":{"name":"(anonymous_1)","decl":{"start":{"line":13,"column":13},"end":{"line":13,"column":14}},"loc":{"start":{"line":13,"column":26},"end":{"line":15,"column":1}}},"1":{"name":"(anonymous_2)","decl":{"start":{"line":21,"column":17},"end":{"line":21,"column":20}},"loc":{"start":{"line":21,"column":22},"end":{"line":24,"column":1}}}},"branchMap":{},"s":{"0":1,"1":1,"2":1,"3":1,"4":1,"5":1,"6":1,"7":1,"8":1,"9":0,"10":1,"11":1,"12":1,"13":1,"14":1,"15":1,"16":1},"f":{"0":0,"1":1},"b":{}}
,"/home/terence-faid/Desktop/node-ts/src/config/connectDB.ts": {"path":"/home/terence-faid/Desktop/node-ts/src/config/connectDB.ts","statementMap":{"0":{"start":{"line":1,"column":0},"end":{"line":1,"column":32}},"1":{"start":{"line":2,"column":0},"end":{"line":2,"column":28}},"2":{"start":{"line":4,"column":0},"end":{"line":4,"column":16}},"3":{"start":{"line":5,"column":12},"end":{"line":5,"column":45}},"4":{"start":{"line":7,"column":25},"end":{"line":14,"column":2}},"5":{"start":{"line":7,"column":36},"end":{"line":14,"column":2}},"6":{"start":{"line":8,"column":2},"end":{"line":13,"column":3}},"7":{"start":{"line":9,"column":4},"end":{"line":9,"column":32}},"8":{"start":{"line":10,"column":4},"end":{"line":10,"column":40}},"9":{"start":{"line":12,"column":4},"end":{"line":12,"column":54}},"10":{"start":{"line":7,"column":13},"end":{"line":7,"column":25}}},"fnMap":{"0":{"name":"(anonymous_8)","decl":{"start":{"line":7,"column":25},"end":{"line":7,"column":34}},"loc":{"start":{"line":7,"column":36},"end":{"line":14,"column":2}}},"1":{"name":"(anonymous_9)","decl":{"start":{"line":7,"column":36},"end":{"line":7,"column":null}},"loc":{"start":{"line":7,"column":36},"end":{"line":14,"column":1}}}},"branchMap":{},"s":{"0":1,"1":1,"2":1,"3":1,"4":1,"5":1,"6":1,"7":1,"8":1,"9":0,"10":1},"f":{"0":1,"1":1},"b":{}}
,"/home/terence-faid/Desktop/node-ts/src/controllers/blogs.controller.ts": {"path":"/home/terence-faid/Desktop/node-ts/src/controllers/blogs.controller.ts","statementMap":{"0":{"start":{"line":2,"column":0},"end":{"line":2,"column":51}},"1":{"start":{"line":3,"column":0},"end":{"line":3,"column":60}},"2":{"start":{"line":7,"column":31},"end":{"line":7,"column":39}},"3":{"start":{"line":9,"column":4},"end":{"line":21,"column":5}},"4":{"start":{"line":10,"column":19},"end":{"line":10,"column":53}},"5":{"start":{"line":11,"column":6},"end":{"line":13,"column":7}},"6":{"start":{"line":12,"column":8},"end":{"line":12,"column":72}},"7":{"start":{"line":15,"column":22},"end":{"line":15,"column":55}},"8":{"start":{"line":16,"column":6},"end":{"line":16,"column":27}},"9":{"start":{"line":18,"column":6},"end":{"line":18,"column":36}},"10":{"start":{"line":20,"column":6},"end":{"line":20,"column":65}},"11":{"start":{"line":25,"column":4},"end":{"line":30,"column":5}},"12":{"start":{"line":26,"column":20},"end":{"line":26,"column":42}},"13":{"start":{"line":27,"column":6},"end":{"line":27,"column":34}},"14":{"start":{"line":29,"column":6},"end":{"line":29,"column":65}},"15":{"start":{"line":34,"column":19},"end":{"line":34,"column":29}},"16":{"start":{"line":35,"column":4},"end":{"line":43,"column":5}},"17":{"start":{"line":36,"column":19},"end":{"line":36,"column":47}},"18":{"start":{"line":37,"column":6},"end":{"line":39,"column":7}},"19":{"start":{"line":38,"column":8},"end":{"line":38,"column":67}},"20":{"start":{"line":40,"column":6},"end":{"line":40,"column":33}},"21":{"start":{"line":42,"column":6},"end":{"line":42,"column":55}},"22":{"start":{"line":47,"column":19},"end":{"line":47,"column":29}},"23":{"start":{"line":48,"column":31},"end":{"line":48,"column":39}},"24":{"start":{"line":49,"column":4},"end":{"line":67,"column":5}},"25":{"start":{"line":50,"column":19},"end":{"line":50,"column":47}},"26":{"start":{"line":51,"column":6},"end":{"line":53,"column":7}},"27":{"start":{"line":52,"column":8},"end":{"line":52,"column":67}},"28":{"start":{"line":55,"column":6},"end":{"line":57,"column":7}},"29":{"start":{"line":56,"column":8},"end":{"line":56,"column":27}},"30":{"start":{"line":59,"column":6},"end":{"line":61,"column":7}},"31":{"start":{"line":60,"column":8},"end":{"line":60,"column":31}},"32":{"start":{"line":63,"column":6},"end":{"line":63,"column":24}},"33":{"start":{"line":64,"column":6},"end":{"line":64,"column":33}},"34":{"start":{"line":66,"column":6},"end":{"line":66,"column":65}},"35":{"start":{"line":71,"column":19},"end":{"line":71,"column":29}},"36":{"start":{"line":72,"column":4},"end":{"line":81,"column":5}},"37":{"start":{"line":73,"column":19},"end":{"line":73,"column":56}},"38":{"start":{"line":74,"column":6},"end":{"line":76,"column":7}},"39":{"start":{"line":75,"column":8},"end":{"line":75,"column":67}},"40":{"start":{"line":78,"column":6},"end":{"line":78,"column":69}},"41":{"start":{"line":80,"column":6},"end":{"line":80,"column":65}},"42":{"start":{"line":85,"column":19},"end":{"line":85,"column":29}},"43":{"start":{"line":86,"column":4},"end":{"line":96,"column":5}},"44":{"start":{"line":87,"column":19},"end":{"line":87,"column":47}},"45":{"start":{"line":88,"column":6},"end":{"line":90,"column":7}},"46":{"start":{"line":89,"column":8},"end":{"line":89,"column":67}},"47":{"start":{"line":91,"column":6},"end":{"line":91,"column":22}},"48":{"start":{"line":92,"column":6},"end":{"line":92,"column":24}},"49":{"start":{"line":93,"column":6},"end":{"line":93,"column":33}},"50":{"start":{"line":95,"column":6},"end":{"line":95,"column":65}},"51":{"start":{"line":100,"column":34},"end":{"line":100,"column":44}},"52":{"start":{"line":102,"column":4},"end":{"line":122,"column":5}},"53":{"start":{"line":103,"column":33},"end":{"line":103,"column":65}},"54":{"start":{"line":104,"column":6},"end":{"line":106,"column":7}},"55":{"start":{"line":105,"column":8},"end":{"line":105,"column":67}},"56":{"start":{"line":107,"column":35},"end":{"line":108,"column":null}},"57":{"start":{"line":108,"column":21},"end":{"line":108,"column":46}},"58":{"start":{"line":110,"column":6},"end":{"line":112,"column":7}},"59":{"start":{"line":111,"column":8},"end":{"line":111,"column":70}},"60":{"start":{"line":113,"column":6},"end":{"line":113,"column":44}},"61":{"start":{"line":114,"column":6},"end":{"line":114,"column":24}},"62":{"start":{"line":116,"column":6},"end":{"line":118,"column":65}},"63":{"start":{"line":120,"column":6},"end":{"line":120,"column":27}},"64":{"start":{"line":121,"column":6},"end":{"line":121,"column":72}},"65":{"start":{"line":126,"column":23},"end":{"line":126,"column":33}},"66":{"start":{"line":127,"column":32},"end":{"line":127,"column":40}},"67":{"start":{"line":129,"column":4},"end":{"line":156,"column":5}},"68":{"start":{"line":130,"column":33},"end":{"line":130,"column":65}},"69":{"start":{"line":131,"column":6},"end":{"line":134,"column":7}},"70":{"start":{"line":132,"column":8},"end":{"line":132,"column":56}},"71":{"start":{"line":133,"column":8},"end":{"line":133,"column":67}},"72":{"start":{"line":136,"column":35},"end":{"line":139,"column":8}},"73":{"start":{"line":141,"column":6},"end":{"line":141,"column":30}},"74":{"start":{"line":143,"column":6},"end":{"line":143,"column":37}},"75":{"start":{"line":146,"column":6},"end":{"line":146,"column":24}},"76":{"start":{"line":148,"column":6},"end":{"line":148,"column":41}},"77":{"start":{"line":150,"column":6},"end":{"line":152,"column":78}},"78":{"start":{"line":154,"column":6},"end":{"line":154,"column":27}},"79":{"start":{"line":155,"column":6},"end":{"line":155,"column":72}},"80":{"start":{"line":160,"column":0},"end":{"line":160,"column":31}}},"fnMap":{"0":{"name":"(anonymous_8)","decl":{"start":{"line":6,"column":8},"end":{"line":6,"column":18}},"loc":{"start":{"line":6,"column":46},"end":{"line":22,"column":null}}},"1":{"name":"(anonymous_10)","decl":{"start":{"line":24,"column":8},"end":{"line":24,"column":16}},"loc":{"start":{"line":24,"column":44},"end":{"line":31,"column":null}}},"2":{"name":"(anonymous_12)","decl":{"start":{"line":33,"column":8},"end":{"line":33,"column":15}},"loc":{"start":{"line":33,"column":43},"end":{"line":44,"column":null}}},"3":{"name":"(anonymous_14)","decl":{"start":{"line":46,"column":8},"end":{"line":46,"column":18}},"loc":{"start":{"line":46,"column":46},"end":{"line":68,"column":null}}},"4":{"name":"(anonymous_16)","decl":{"start":{"line":70,"column":8},"end":{"line":70,"column":18}},"loc":{"start":{"line":70,"column":46},"end":{"line":82,"column":null}}},"5":{"name":"(anonymous_18)","decl":{"start":{"line":84,"column":8},"end":{"line":84,"column":16}},"loc":{"start":{"line":84,"column":44},"end":{"line":97,"column":null}}},"6":{"name":"(anonymous_20)","decl":{"start":{"line":99,"column":8},"end":{"line":99,"column":21}},"loc":{"start":{"line":99,"column":49},"end":{"line":123,"column":null}}},"7":{"name":"(anonymous_22)","decl":{"start":{"line":108,"column":8},"end":{"line":108,"column":9}},"loc":{"start":{"line":108,"column":21},"end":{"line":108,"column":46}}},"8":{"name":"(anonymous_23)","decl":{"start":{"line":125,"column":8},"end":{"line":125,"column":21}},"loc":{"start":{"line":125,"column":49},"end":{"line":157,"column":null}}}},"branchMap":{"0":{"loc":{"start":{"line":11,"column":6},"end":{"line":13,"column":7}},"type":"if","locations":[{"start":{"line":11,"column":6},"end":{"line":13,"column":7}}]},"1":{"loc":{"start":{"line":37,"column":6},"end":{"line":39,"column":7}},"type":"if","locations":[{"start":{"line":37,"column":6},"end":{"line":39,"column":7}}]},"2":{"loc":{"start":{"line":51,"column":6},"end":{"line":53,"column":7}},"type":"if","locations":[{"start":{"line":51,"column":6},"end":{"line":53,"column":7}}]},"3":{"loc":{"start":{"line":55,"column":6},"end":{"line":57,"column":7}},"type":"if","locations":[{"start":{"line":55,"column":6},"end":{"line":57,"column":7}}]},"4":{"loc":{"start":{"line":59,"column":6},"end":{"line":61,"column":7}},"type":"if","locations":[{"start":{"line":59,"column":6},"end":{"line":61,"column":7}}]},"5":{"loc":{"start":{"line":74,"column":6},"end":{"line":76,"column":7}},"type":"if","locations":[{"start":{"line":74,"column":6},"end":{"line":76,"column":7}}]},"6":{"loc":{"start":{"line":88,"column":6},"end":{"line":90,"column":7}},"type":"if","locations":[{"start":{"line":88,"column":6},"end":{"line":90,"column":7}}]},"7":{"loc":{"start":{"line":104,"column":6},"end":{"line":106,"column":7}},"type":"if","locations":[{"start":{"line":104,"column":6},"end":{"line":106,"column":7}}]},"8":{"loc":{"start":{"line":110,"column":6},"end":{"line":112,"column":7}},"type":"if","locations":[{"start":{"line":110,"column":6},"end":{"line":112,"column":7}}]},"9":{"loc":{"start":{"line":131,"column":6},"end":{"line":134,"column":7}},"type":"if","locations":[{"start":{"line":131,"column":6},"end":{"line":134,"column":7}}]}},"s":{"0":1,"1":1,"2":2,"3":2,"4":2,"5":2,"6":1,"7":1,"8":1,"9":1,"10":0,"11":1,"12":1,"13":1,"14":0,"15":2,"16":2,"17":2,"18":2,"19":1,"20":1,"21":0,"22":2,"23":2,"24":2,"25":2,"26":2,"27":1,"28":1,"29":1,"30":1,"31":1,"32":1,"33":1,"34":0,"35":2,"36":2,"37":2,"38":2,"39":1,"40":1,"41":0,"42":0,"43":0,"44":0,"45":0,"46":0,"47":0,"48":0,"49":0,"50":0,"51":2,"52":2,"53":2,"54":2,"55":2,"56":0,"57":0,"58":0,"59":0,"60":0,"61":0,"62":0,"63":0,"64":0,"65":0,"66":0,"67":0,"68":0,"69":0,"70":0,"71":0,"72":0,"73":0,"74":0,"75":0,"76":0,"77":0,"78":0,"79":0,"80":1},"f":{"0":2,"1":1,"2":2,"3":2,"4":2,"5":0,"6":2,"7":0,"8":0},"b":{"0":[1],"1":[1],"2":[1],"3":[1],"4":[1],"5":[1],"6":[0],"7":[2],"8":[0],"9":[0]}}
,"/home/terence-faid/Desktop/node-ts/src/controllers/comments.controller.ts": {"path":"/home/terence-faid/Desktop/node-ts/src/controllers/comments.controller.ts","statementMap":{"0":{"start":{"line":1,"column":0},"end":{"line":1,"column":46}},"1":{"start":{"line":6,"column":4},"end":{"line":9,"column":22}},"2":{"start":{"line":7,"column":23},"end":{"line":7,"column":48}},"3":{"start":{"line":8,"column":6},"end":{"line":8,"column":44}},"4":{"start":{"line":16,"column":0},"end":{"line":16,"column":34}}},"fnMap":{"0":{"name":"(anonymous_8)","decl":{"start":{"line":5,"column":8},"end":{"line":5,"column":19}},"loc":{"start":{"line":5,"column":47},"end":{"line":10,"column":null}}}},"branchMap":{},"s":{"0":1,"1":0,"2":0,"3":0,"4":1},"f":{"0":0},"b":{}}
,"/home/terence-faid/Desktop/node-ts/src/controllers/user.controller.ts": {"path":"/home/terence-faid/Desktop/node-ts/src/controllers/user.controller.ts","statementMap":{"0":{"start":{"line":2,"column":0},"end":{"line":2,"column":39}},"1":{"start":{"line":3,"column":0},"end":{"line":3,"column":28}},"2":{"start":{"line":4,"column":0},"end":{"line":4,"column":55}},"3":{"start":{"line":8,"column":43},"end":{"line":8,"column":51}},"4":{"start":{"line":10,"column":4},"end":{"line":27,"column":5}},"5":{"start":{"line":11,"column":19},"end":{"line":11,"column":53}},"6":{"start":{"line":12,"column":6},"end":{"line":14,"column":7}},"7":{"start":{"line":13,"column":8},"end":{"line":13,"column":72}},"8":{"start":{"line":16,"column":19},"end":{"line":16,"column":43}},"9":{"start":{"line":17,"column":29},"end":{"line":17,"column":62}},"10":{"start":{"line":18,"column":22},"end":{"line":23,"column":8}},"11":{"start":{"line":24,"column":6},"end":{"line":24,"column":36}},"12":{"start":{"line":26,"column":6},"end":{"line":26,"column":55}},"13":{"start":{"line":31,"column":32},"end":{"line":31,"column":40}},"14":{"start":{"line":33,"column":4},"end":{"line":49,"column":5}},"15":{"start":{"line":34,"column":25},"end":{"line":34,"column":59}},"16":{"start":{"line":36,"column":6},"end":{"line":38,"column":7}},"17":{"start":{"line":37,"column":8},"end":{"line":37,"column":72}},"18":{"start":{"line":40,"column":28},"end":{"line":40,"column":79}},"19":{"start":{"line":41,"column":6},"end":{"line":43,"column":7}},"20":{"start":{"line":42,"column":8},"end":{"line":42,"column":69}},"21":{"start":{"line":45,"column":20},"end":{"line":45,"column":45}},"22":{"start":{"line":46,"column":6},"end":{"line":46,"column":78}},"23":{"start":{"line":48,"column":6},"end":{"line":48,"column":65}},"24":{"start":{"line":53,"column":0},"end":{"line":53,"column":30}}},"fnMap":{"0":{"name":"(anonymous_8)","decl":{"start":{"line":7,"column":8},"end":{"line":7,"column":20}},"loc":{"start":{"line":7,"column":48},"end":{"line":28,"column":null}}},"1":{"name":"(anonymous_10)","decl":{"start":{"line":30,"column":8},"end":{"line":30,"column":17}},"loc":{"start":{"line":30,"column":45},"end":{"line":50,"column":null}}}},"branchMap":{"0":{"loc":{"start":{"line":12,"column":6},"end":{"line":14,"column":7}},"type":"if","locations":[{"start":{"line":12,"column":6},"end":{"line":14,"column":7}}]},"1":{"loc":{"start":{"line":36,"column":6},"end":{"line":38,"column":7}},"type":"if","locations":[{"start":{"line":36,"column":6},"end":{"line":38,"column":7}}]},"2":{"loc":{"start":{"line":41,"column":6},"end":{"line":43,"column":7}},"type":"if","locations":[{"start":{"line":41,"column":6},"end":{"line":43,"column":7}}]}},"s":{"0":1,"1":1,"2":1,"3":0,"4":0,"5":0,"6":0,"7":0,"8":0,"9":0,"10":0,"11":0,"12":0,"13":0,"14":0,"15":0,"16":0,"17":0,"18":0,"19":0,"20":0,"21":0,"22":0,"23":0,"24":1},"f":{"0":0,"1":0},"b":{"0":[0],"1":[0],"2":[0]}}
,"/home/terence-faid/Desktop/node-ts/src/models/blogs.ts": {"path":"/home/terence-faid/Desktop/node-ts/src/models/blogs.ts","statementMap":{"0":{"start":{"line":1,"column":0},"end":{"line":1,"column":44}},"1":{"start":{"line":11,"column":19},"end":{"line":16,"column":2}},"2":{"start":{"line":18,"column":18},"end":{"line":18,"column":59}},"3":{"start":{"line":20,"column":0},"end":{"line":20,"column":25}}},"fnMap":{},"branchMap":{},"s":{"0":1,"1":1,"2":1,"3":1},"f":{},"b":{}}
,"/home/terence-faid/Desktop/node-ts/src/models/comments.ts": {"path":"/home/terence-faid/Desktop/node-ts/src/models/comments.ts","statementMap":{"0":{"start":{"line":1,"column":0},"end":{"line":1,"column":32}},"1":{"start":{"line":8,"column":13},"end":{"line":14,"column":3}},"2":{"start":{"line":16,"column":21},"end":{"line":16,"column":71}},"3":{"start":{"line":18,"column":0},"end":{"line":18,"column":28}}},"fnMap":{},"branchMap":{},"s":{"0":1,"1":1,"2":1,"3":1},"f":{},"b":{}}
,"/home/terence-faid/Desktop/node-ts/src/models/user.ts": {"path":"/home/terence-faid/Desktop/node-ts/src/models/user.ts","statementMap":{"0":{"start":{"line":1,"column":0},"end":{"line":1,"column":32}},"1":{"start":{"line":11,"column":19},"end":{"line":17,"column":2}},"2":{"start":{"line":19,"column":18},"end":{"line":19,"column":59}},"3":{"start":{"line":21,"column":0},"end":{"line":21,"column":25}}},"fnMap":{},"branchMap":{},"s":{"0":1,"1":1,"2":1,"3":1},"f":{},"b":{}}
,"/home/terence-faid/Desktop/node-ts/src/routes/blogs.routes.ts": {"path":"/home/terence-faid/Desktop/node-ts/src/routes/blogs.routes.ts","statementMap":{"0":{"start":{"line":1,"column":0},"end":{"line":1,"column":30}},"1":{"start":{"line":2,"column":0},"end":{"line":2,"column":62}},"2":{"start":{"line":5,"column":15},"end":{"line":5,"column":31}},"3":{"start":{"line":7,"column":24},"end":{"line":7,"column":45}},"4":{"start":{"line":9,"column":0},"end":{"line":9,"column":42}},"5":{"start":{"line":10,"column":0},"end":{"line":10,"column":45}},"6":{"start":{"line":11,"column":0},"end":{"line":11,"column":44}},"7":{"start":{"line":12,"column":0},"end":{"line":12,"column":49}},"8":{"start":{"line":14,"column":0},"end":{"line":14,"column":50}},"9":{"start":{"line":15,"column":0},"end":{"line":15,"column":64}},"10":{"start":{"line":16,"column":0},"end":{"line":16,"column":52}},"11":{"start":{"line":17,"column":0},"end":{"line":17,"column":77}},"12":{"start":{"line":19,"column":0},"end":{"line":19,"column":22}}},"fnMap":{},"branchMap":{},"s":{"0":1,"1":1,"2":1,"3":1,"4":1,"5":1,"6":1,"7":1,"8":1,"9":1,"10":1,"11":1,"12":1},"f":{},"b":{}}
,"/home/terence-faid/Desktop/node-ts/src/routes/comments.routes.ts": {"path":"/home/terence-faid/Desktop/node-ts/src/routes/comments.routes.ts","statementMap":{"0":{"start":{"line":1,"column":0},"end":{"line":1,"column":30}},"1":{"start":{"line":2,"column":0},"end":{"line":2,"column":68}},"2":{"start":{"line":4,"column":27},"end":{"line":4,"column":51}},"3":{"start":{"line":5,"column":15},"end":{"line":5,"column":31}},"4":{"start":{"line":6,"column":0},"end":{"line":6,"column":48}},"5":{"start":{"line":8,"column":0},"end":{"line":8,"column":22}}},"fnMap":{},"branchMap":{},"s":{"0":1,"1":1,"2":1,"3":1,"4":1,"5":1},"f":{},"b":{}}
,"/home/terence-faid/Desktop/node-ts/src/routes/user.routes.ts": {"path":"/home/terence-faid/Desktop/node-ts/src/routes/user.routes.ts","statementMap":{"0":{"start":{"line":1,"column":0},"end":{"line":1,"column":30}},"1":{"start":{"line":2,"column":0},"end":{"line":2,"column":60}},"2":{"start":{"line":4,"column":15},"end":{"line":4,"column":31}},"3":{"start":{"line":6,"column":23},"end":{"line":6,"column":43}},"4":{"start":{"line":8,"column":0},"end":{"line":8,"column":54}},"5":{"start":{"line":9,"column":0},"end":{"line":9,"column":48}},"6":{"start":{"line":11,"column":0},"end":{"line":11,"column":22}}},"fnMap":{},"branchMap":{},"s":{"0":1,"1":1,"2":1,"3":1,"4":1,"5":1,"6":1},"f":{},"b":{}}
,"/home/terence-faid/Desktop/node-ts/src/utils/generateToken.ts": {"path":"/home/terence-faid/Desktop/node-ts/src/utils/generateToken.ts","statementMap":{"0":{"start":{"line":1,"column":0},"end":{"line":1,"column":31}},"1":{"start":{"line":4,"column":29},"end":{"line":16,"column":1}},"2":{"start":{"line":5,"column":2},"end":{"line":15,"column":4}},"3":{"start":{"line":4,"column":13},"end":{"line":4,"column":29}}},"fnMap":{"0":{"name":"(anonymous_1)","decl":{"start":{"line":4,"column":29},"end":{"line":4,"column":30}},"loc":{"start":{"line":4,"column":45},"end":{"line":16,"column":1}}}},"branchMap":{"0":{"loc":{"start":{"line":11,"column":4},"end":{"line":11,"column":38}},"type":"binary-expr","locations":[{"start":{"line":11,"column":4},"end":{"line":11,"column":26}},{"start":{"line":11,"column":30},"end":{"line":11,"column":38}}]}},"s":{"0":1,"1":1,"2":0,"3":1},"f":{"0":0},"b":{"0":[0,0]}}
}
