TN:
SF:src/index.ts
FN:13,(anonymous_1)
FN:21,(anonymous_2)
FNF:2
FNH:1
FNDA:0,(anonymous_1)
FNDA:1,(anonymous_2)
DA:1,1
DA:3,1
DA:4,1
DA:5,1
DA:6,1
DA:8,1
DA:9,1
DA:11,1
DA:13,1
DA:14,0
DA:17,1
DA:18,1
DA:19,1
DA:21,1
DA:22,1
DA:23,1
DA:26,1
LF:17
LH:16
BRF:0
BRH:0
end_of_record
TN:
SF:src/config/connectDB.ts
FN:7,(anonymous_8)
FN:7,(anonymous_9)
FNF:2
FNH:2
FNDA:1,(anonymous_8)
FNDA:1,(anonymous_9)
DA:1,1
DA:2,1
DA:4,1
DA:5,1
DA:7,1
DA:8,1
DA:9,1
DA:10,1
DA:12,0
LF:9
LH:8
BRF:0
BRH:0
end_of_record
TN:
SF:src/controllers/blogs.controller.ts
FN:6,(anonymous_8)
FN:24,(anonymous_10)
FN:33,(anonymous_12)
FN:46,(anonymous_14)
FN:70,(anonymous_16)
FN:84,(anonymous_18)
FN:99,(anonymous_20)
FN:108,(anonymous_22)
FN:125,(anonymous_23)
FNF:9
FNH:6
FNDA:2,(anonymous_8)
FNDA:1,(anonymous_10)
FNDA:2,(anonymous_12)
FNDA:2,(anonymous_14)
FNDA:2,(anonymous_16)
FNDA:0,(anonymous_18)
FNDA:2,(anonymous_20)
FNDA:0,(anonymous_22)
FNDA:0,(anonymous_23)
DA:2,1
DA:3,1
DA:7,2
DA:9,2
DA:10,2
DA:11,2
DA:12,1
DA:15,1
DA:16,1
DA:18,1
DA:20,0
DA:25,1
DA:26,1
DA:27,1
DA:29,0
DA:34,2
DA:35,2
DA:36,2
DA:37,2
DA:38,1
DA:40,1
DA:42,0
DA:47,2
DA:48,2
DA:49,2
DA:50,2
DA:51,2
DA:52,1
DA:55,1
DA:56,1
DA:59,1
DA:60,1
DA:63,1
DA:64,1
DA:66,0
DA:71,2
DA:72,2
DA:73,2
DA:74,2
DA:75,1
DA:78,1
DA:80,0
DA:85,0
DA:86,0
DA:87,0
DA:88,0
DA:89,0
DA:91,0
DA:92,0
DA:93,0
DA:95,0
DA:100,2
DA:102,2
DA:103,2
DA:104,2
DA:105,2
DA:107,0
DA:108,0
DA:110,0
DA:111,0
DA:113,0
DA:114,0
DA:116,0
DA:120,0
DA:121,0
DA:126,0
DA:127,0
DA:129,0
DA:130,0
DA:131,0
DA:132,0
DA:133,0
DA:136,0
DA:141,0
DA:143,0
DA:146,0
DA:148,0
DA:150,0
DA:154,0
DA:155,0
DA:160,1
LF:81
LH:43
BRDA:11,0,0,1
BRDA:37,1,0,1
BRDA:51,2,0,1
BRDA:55,3,0,1
BRDA:59,4,0,1
BRDA:74,5,0,1
BRDA:88,6,0,0
BRDA:104,7,0,2
BRDA:110,8,0,0
BRDA:131,9,0,0
BRF:10
BRH:7
end_of_record
TN:
SF:src/controllers/comments.controller.ts
FN:5,(anonymous_8)
FNF:1
FNH:0
FNDA:0,(anonymous_8)
DA:1,1
DA:6,0
DA:7,0
DA:8,0
DA:16,1
LF:5
LH:2
BRF:0
BRH:0
end_of_record
TN:
SF:src/controllers/user.controller.ts
FN:7,(anonymous_8)
FN:30,(anonymous_10)
FNF:2
FNH:0
FNDA:0,(anonymous_8)
FNDA:0,(anonymous_10)
DA:2,1
DA:3,1
DA:4,1
DA:8,0
DA:10,0
DA:11,0
DA:12,0
DA:13,0
DA:16,0
DA:17,0
DA:18,0
DA:24,0
DA:26,0
DA:31,0
DA:33,0
DA:34,0
DA:36,0
DA:37,0
DA:40,0
DA:41,0
DA:42,0
DA:45,0
DA:46,0
DA:48,0
DA:53,1
LF:25
LH:4
BRDA:12,0,0,0
BRDA:36,1,0,0
BRDA:41,2,0,0
BRF:3
BRH:0
end_of_record
TN:
SF:src/models/blogs.ts
FNF:0
FNH:0
DA:1,1
DA:11,1
DA:18,1
DA:20,1
LF:4
LH:4
BRF:0
BRH:0
end_of_record
TN:
SF:src/models/comments.ts
FNF:0
FNH:0
DA:1,1
DA:8,1
DA:16,1
DA:18,1
LF:4
LH:4
BRF:0
BRH:0
end_of_record
TN:
SF:src/models/user.ts
FNF:0
FNH:0
DA:1,1
DA:11,1
DA:19,1
DA:21,1
LF:4
LH:4
BRF:0
BRH:0
end_of_record
TN:
SF:src/routes/blogs.routes.ts
FNF:0
FNH:0
DA:1,1
DA:2,1
DA:5,1
DA:7,1
DA:9,1
DA:10,1
DA:11,1
DA:12,1
DA:14,1
DA:15,1
DA:16,1
DA:17,1
DA:19,1
LF:13
LH:13
BRF:0
BRH:0
end_of_record
TN:
SF:src/routes/comments.routes.ts
FNF:0
FNH:0
DA:1,1
DA:2,1
DA:4,1
DA:5,1
DA:6,1
DA:8,1
LF:6
LH:6
BRF:0
BRH:0
end_of_record
TN:
SF:src/routes/user.routes.ts
FNF:0
FNH:0
DA:1,1
DA:2,1
DA:4,1
DA:6,1
DA:8,1
DA:9,1
DA:11,1
LF:7
LH:7
BRF:0
BRH:0
end_of_record
TN:
SF:src/utils/generateToken.ts
FN:4,(anonymous_1)
FNF:1
FNH:0
FNDA:0,(anonymous_1)
DA:1,1
DA:4,1
DA:5,0
LF:3
LH:2
BRDA:11,0,0,0
BRDA:11,0,1,0
BRF:2
BRH:0
end_of_record
